1456071553795 Device(s) Intel Edison  
1456071553832 Connected Intel Edison  
[32m[2016-02-21 16:19:13.978] [INFO] Main - [39mlistening port=50800
[32m[2016-02-21 16:19:14.088] [INFO] Sensor - [39m[event] press button 1
[32m[2016-02-21 16:19:14.192] [INFO] Sensor - [39m[event] release button 0
[32m[2016-02-21 16:19:52.365] [INFO] Sensor - [39m[event] press touch 1
[32m[2016-02-21 16:19:52.412] [INFO] Sensor - [39m[event] release touch 0
[32m[2016-02-21 16:19:52.440] [INFO] Sensor - [39m[event] press touch 1
[32m[2016-02-21 16:19:52.452] [INFO] Sensor - [39m[event] release touch 0
[32m[2016-02-21 16:19:52.500] [INFO] Sensor - [39m[event] press touch 1
[32m[2016-02-21 16:19:52.614] [INFO] Sensor - [39m[event] release touch 0
[32m[2016-02-21 16:20:06.296] [INFO] Sensor - [39m[event] press button 1
[32m[2016-02-21 16:20:06.323] [INFO] Sensor - [39m[event] release button 0
[32m[2016-02-21 16:20:06.339] [INFO] Sensor - [39m[event] press button 1
[32m[2016-02-21 16:20:06.351] [INFO] Sensor - [39m[event] release button 0
[32m[2016-02-21 16:20:06.363] [INFO] Sensor - [39m[event] press button 1
[32m[2016-02-21 16:20:06.389] [INFO] Sensor - [39m[event] release button 0
[32m[2016-02-21 16:20:06.404] [INFO] Sensor - [39m[event] press button 1
[32m[2016-02-21 16:20:06.416] [INFO] Sensor - [39m[event] release button 0
[32m[2016-02-21 16:20:06.465] [INFO] Sensor - [39m[event] press touch 1
[32m[2016-02-21 16:20:06.480] [INFO] Sensor - [39m[event] press button 1
[32m[2016-02-21 16:20:06.506] [INFO] Sensor - [39m[event] release button 0
[32m[2016-02-21 16:20:06.517] [INFO] Sensor - [39m[event] press button 1
[32m[2016-02-21 16:20:06.532] [INFO] Sensor - [39m[event] release button 0
[32m[2016-02-21 16:20:06.545] [INFO] Sensor - [39m[event] press button 1
[32m[2016-02-21 16:20:06.556] [INFO] Sensor - [39m[event] release button 0
[32m[2016-02-21 16:20:06.572] [INFO] Sensor - [39m[event] press button 1
[32m[2016-02-21 16:20:06.596] [INFO] Sensor - [39m[event] release button 0
[32m[2016-02-21 16:20:06.597] [INFO] Sensor - [39m[event] release touch 0
[32m[2016-02-21 16:20:06.620] [INFO] Sensor - [39m[event] press button 1
[32m[2016-02-21 16:20:06.621] [INFO] Sensor - [39m[event] press touch 1
[32m[2016-02-21 16:20:06.640] [INFO] Sensor - [39m[event] release button 0
[32m[2016-02-21 16:20:06.640] [INFO] Sensor - [39m[event] release touch 0
[32m[2016-02-21 16:20:06.660] [INFO] Sensor - [39m[event] press button 1
[32m[2016-02-21 16:20:06.660] [INFO] Sensor - [39m[event] press touch 1
[32m[2016-02-21 16:20:06.780] [INFO] Sensor - [39m[event] release button 0
[32m[2016-02-21 16:20:06.781] [INFO] Sensor - [39m[event] release touch 0
[32m[2016-02-21 16:20:06.795] [INFO] Sensor - [39m[event] press button 1
[32m[2016-02-21 16:20:06.796] [INFO] Sensor - [39m[event] press touch 1
[32m[2016-02-21 16:20:06.825] [INFO] Sensor - [39m[event] release button 0
[32m[2016-02-21 16:20:06.838] [INFO] Sensor - [39m[event] press button 1
[32m[2016-02-21 16:20:06.883] [INFO] Sensor - [39m[event] release button 0
[32m[2016-02-21 16:20:06.884] [INFO] Sensor - [39m[event] release touch 0
[32m[2016-02-21 16:20:06.897] [INFO] Sensor - [39m[event] press touch 1
[32m[2016-02-21 16:20:06.909] [INFO] Sensor - [39m[event] press button 1
[32m[2016-02-21 16:20:06.948] [INFO] Sensor - [39m[event] release button 0
[32m[2016-02-21 16:20:07.026] [INFO] Sensor - [39m[event] press button 1
[32m[2016-02-21 16:20:07.042] [INFO] Sensor - [39m[event] release button 0
[32m[2016-02-21 16:20:07.091] [INFO] Sensor - [39m[event] release touch 0
[32m[2016-02-21 16:20:07.113] [INFO] Sensor - [39m[event] press button 1
[32m[2016-02-21 16:20:07.114] [INFO] Sensor - [39m[event] press touch 1
[32m[2016-02-21 16:20:07.126] [INFO] Sensor - [39m[event] release button 0
[32m[2016-02-21 16:20:07.140] [INFO] Sensor - [39m[event] release touch 0
[32m[2016-02-21 16:20:07.180] [INFO] Sensor - [39m[event] press touch 1
[32m[2016-02-21 16:20:07.192] [INFO] Sensor - [39m[event] release touch 0
[32m[2016-02-21 16:20:07.229] [INFO] Sensor - [39m[event] press touch 1
[32m[2016-02-21 16:20:07.250] [INFO] Sensor - [39m[event] release touch 0
[32m[2016-02-21 16:20:07.869] [INFO] Sensor - [39m[event] press touch 1
[32m[2016-02-21 16:20:07.949] [INFO] Sensor - [39m[event] release touch 0
[32m[2016-02-21 16:20:07.987] [INFO] Sensor - [39m[event] press button 1
[32m[2016-02-21 16:20:07.988] [INFO] Sensor - [39m[event] press touch 1
[32m[2016-02-21 16:20:08.001] [INFO] Sensor - [39m[event] release button 0
[32m[2016-02-21 16:20:08.014] [INFO] Sensor - [39m[event] press button 1
[32m[2016-02-21 16:20:08.015] [INFO] Sensor - [39m[event] release touch 0
[32m[2016-02-21 16:20:08.025] [INFO] Sensor - [39m[event] press touch 1
[32m[2016-02-21 16:20:08.049] [INFO] Sensor - [39m[event] release button 0
[32m[2016-02-21 16:20:08.050] [INFO] Sensor - [39m[event] release touch 0
[32m[2016-02-21 16:20:08.072] [INFO] Sensor - [39m[event] press button 1
[32m[2016-02-21 16:20:08.077] [INFO] Sensor - [39m[event] press touch 1
[32m[2016-02-21 16:20:08.090] [INFO] Sensor - [39m[event] release button 0
[32m[2016-02-21 16:20:08.091] [INFO] Sensor - [39m[event] release touch 0
[32m[2016-02-21 16:20:08.110] [INFO] Sensor - [39m[event] press button 1
[32m[2016-02-21 16:20:08.111] [INFO] Sensor - [39m[event] press touch 1
[32m[2016-02-21 16:20:08.180] [INFO] Sensor - [39m[event] release button 0
[32m[2016-02-21 16:20:08.181] [INFO] Sensor - [39m[event] release touch 0
[32m[2016-02-21 16:20:08.209] [INFO] Sensor - [39m[event] press button 1
[32m[2016-02-21 16:20:08.210] [INFO] Sensor - [39m[event] press touch 1
[32m[2016-02-21 16:20:08.239] [INFO] Sensor - [39m[event] release button 0
[32m[2016-02-21 16:20:08.240] [INFO] Sensor - [39m[event] release touch 0
[32m[2016-02-21 16:20:08.251] [INFO] Sensor - [39m[event] press button 1
[32m[2016-02-21 16:20:08.254] [INFO] Sensor - [39m[event] press touch 1
[32m[2016-02-21 16:20:08.267] [INFO] Sensor - [39m[event] release button 0
[32m[2016-02-21 16:20:08.267] [INFO] Sensor - [39m[event] release touch 0
[32m[2016-02-21 16:20:08.292] [INFO] Sensor - [39m[event] press button 1
[32m[2016-02-21 16:20:08.295] [INFO] Sensor - [39m[event] press touch 1
[32m[2016-02-21 16:20:08.307] [INFO] Sensor - [39m[event] release button 0
[32m[2016-02-21 16:20:08.308] [INFO] Sensor - [39m[event] release touch 0
[32m[2016-02-21 16:20:08.329] [INFO] Sensor - [39m[event] press button 1
[32m[2016-02-21 16:20:08.352] [INFO] Sensor - [39m[event] press touch 1
[32m[2016-02-21 16:20:08.364] [INFO] Sensor - [39m[event] release button 0
[32m[2016-02-21 16:20:08.366] [INFO] Sensor - [39m[event] release touch 0
[32m[2016-02-21 16:20:08.375] [INFO] Sensor - [39m[event] press button 1
[32m[2016-02-21 16:20:08.377] [INFO] Sensor - [39m[event] press touch 1
[32m[2016-02-21 16:20:08.417] [INFO] Sensor - [39m[event] release button 0
[32m[2016-02-21 16:20:08.417] [INFO] Sensor - [39m[event] release touch 0
[32m[2016-02-21 16:20:08.460] [INFO] Sensor - [39m[event] press button 1
[32m[2016-02-21 16:20:08.461] [INFO] Sensor - [39m[event] press touch 1
[32m[2016-02-21 16:20:08.473] [INFO] Sensor - [39m[event] release button 0
[32m[2016-02-21 16:20:08.474] [INFO] Sensor - [39m[event] release touch 0
[32m[2016-02-21 16:20:08.485] [INFO] Sensor - [39m[event] press button 1
[32m[2016-02-21 16:20:08.488] [INFO] Sensor - [39m[event] press touch 1
[32m[2016-02-21 16:20:08.500] [INFO] Sensor - [39m[event] release button 0
[32m[2016-02-21 16:20:08.501] [INFO] Sensor - [39m[event] release touch 0
[32m[2016-02-21 16:20:08.561] [INFO] Sensor - [39m[event] press button 1
[32m[2016-02-21 16:20:08.562] [INFO] Sensor - [39m[event] press touch 1
[32m[2016-02-21 16:20:08.589] [INFO] Sensor - [39m[event] release button 0
[32m[2016-02-21 16:20:08.590] [INFO] Sensor - [39m[event] release touch 0
[32m[2016-02-21 16:20:08.641] [INFO] Sensor - [39m[event] press button 1
[32m[2016-02-21 16:20:08.642] [INFO] Sensor - [39m[event] press touch 1
[32m[2016-02-21 16:20:08.656] [INFO] Sensor - [39m[event] release button 0
[32m[2016-02-21 16:20:08.657] [INFO] Sensor - [39m[event] release touch 0
[32m[2016-02-21 16:20:08.667] [INFO] Sensor - [39m[event] press button 1
[32m[2016-02-21 16:20:08.674] [INFO] Sensor - [39m[event] press touch 1
[32m[2016-02-21 16:20:08.721] [INFO] Sensor - [39m[event] release button 0
[32m[2016-02-21 16:20:08.722] [INFO] Sensor - [39m[event] release touch 0
[32m[2016-02-21 16:20:08.793] [INFO] Sensor - [39m[event] press button 1
[32m[2016-02-21 16:20:08.796] [INFO] Sensor - [39m[event] press touch 1
[32m[2016-02-21 16:20:08.821] [INFO] Sensor - [39m[event] release button 0
[32m[2016-02-21 16:20:08.822] [INFO] Sensor - [39m[event] release touch 0
[32m[2016-02-21 16:20:08.858] [INFO] Sensor - [39m[event] press button 1
[32m[2016-02-21 16:20:08.860] [INFO] Sensor - [39m[event] press touch 1
[32m[2016-02-21 16:20:08.873] [INFO] Sensor - [39m[event] release button 0
[32m[2016-02-21 16:20:08.874] [INFO] Sensor - [39m[event] release touch 0
[32m[2016-02-21 16:20:08.910] [INFO] Sensor - [39m[event] press button 1
[32m[2016-02-21 16:20:08.912] [INFO] Sensor - [39m[event] press touch 1
[32m[2016-02-21 16:20:08.937] [INFO] Sensor - [39m[event] release button 0
[32m[2016-02-21 16:20:08.939] [INFO] Sensor - [39m[event] release touch 0
[32m[2016-02-21 16:20:08.993] [INFO] Sensor - [39m[event] press button 1
[32m[2016-02-21 16:20:08.994] [INFO] Sensor - [39m[event] press touch 1
[32m[2016-02-21 16:20:09.039] [INFO] Sensor - [39m[event] release button 0
[32m[2016-02-21 16:20:09.042] [INFO] Sensor - [39m[event] release touch 0
[32m[2016-02-21 16:20:09.100] [INFO] Sensor - [39m[event] press touch 1
[32m[2016-02-21 16:20:09.128] [INFO] Sensor - [39m[event] release touch 0
[32m[2016-02-21 16:20:09.162] [INFO] Sensor - [39m[event] press button 1
[32m[2016-02-21 16:20:09.181] [INFO] Sensor - [39m[event] press touch 1
[32m[2016-02-21 16:20:09.234] [INFO] Sensor - [39m[event] release button 0
[32m[2016-02-21 16:20:09.291] [INFO] Sensor - [39m[event] press button 1
[32m[2016-02-21 16:20:09.319] [INFO] Sensor - [39m[event] release button 0
[32m[2016-02-21 16:20:09.320] [INFO] Sensor - [39m[event] release touch 0
[32m[2016-02-21 16:20:09.367] [INFO] Sensor - [39m[event] press touch 1
[32m[2016-02-21 16:20:09.378] [INFO] Sensor - [39m[event] release touch 0
[32m[2016-02-21 16:20:09.391] [INFO] Sensor - [39m[event] press button 1
[32m[2016-02-21 16:20:09.392] [INFO] Sensor - [39m[event] press touch 1
[32m[2016-02-21 16:20:09.406] [INFO] Sensor - [39m[event] release button 0
[32m[2016-02-21 16:20:09.406] [INFO] Sensor - [39m[event] release touch 0
[32m[2016-02-21 16:20:09.419] [INFO] Sensor - [39m[event] press touch 1
[32m[2016-02-21 16:20:09.432] [INFO] Sensor - [39m[event] release touch 0
[32m[2016-02-21 16:20:09.459] [INFO] Sensor - [39m[event] press button 1
[32m[2016-02-21 16:20:09.460] [INFO] Sensor - [39m[event] press touch 1
[32m[2016-02-21 16:20:09.471] [INFO] Sensor - [39m[event] release button 0
[32m[2016-02-21 16:20:09.472] [INFO] Sensor - [39m[event] release touch 0
[32m[2016-02-21 16:20:09.499] [INFO] Sensor - [39m[event] press button 1
[32m[2016-02-21 16:20:09.500] [INFO] Sensor - [39m[event] press touch 1
[32m[2016-02-21 16:20:09.529] [INFO] Sensor - [39m[event] release button 0
[32m[2016-02-21 16:20:09.530] [INFO] Sensor - [39m[event] release touch 0
[32m[2016-02-21 16:20:09.549] [INFO] Sensor - [39m[event] press button 1
[32m[2016-02-21 16:20:09.550] [INFO] Sensor - [39m[event] press touch 1
[32m[2016-02-21 16:20:09.580] [INFO] Sensor - [39m[event] release button 0
[32m[2016-02-21 16:20:09.581] [INFO] Sensor - [39m[event] release touch 0
[32m[2016-02-21 16:20:09.601] [INFO] Sensor - [39m[event] press button 1
[32m[2016-02-21 16:20:09.603] [INFO] Sensor - [39m[event] press touch 1
[32m[2016-02-21 16:20:09.616] [INFO] Sensor - [39m[event] release button 0
[32m[2016-02-21 16:20:09.617] [INFO] Sensor - [39m[event] release touch 0
[32m[2016-02-21 16:20:09.627] [INFO] Sensor - [39m[event] press button 1
[32m[2016-02-21 16:20:09.629] [INFO] Sensor - [39m[event] press touch 1
[32m[2016-02-21 16:20:09.655] [INFO] Sensor - [39m[event] release button 0
[32m[2016-02-21 16:20:09.656] [INFO] Sensor - [39m[event] release touch 0
[32m[2016-02-21 16:20:09.669] [INFO] Sensor - [39m[event] press button 1
[32m[2016-02-21 16:20:09.672] [INFO] Sensor - [39m[event] press touch 1
[32m[2016-02-21 16:20:09.713] [INFO] Sensor - [39m[event] release button 0
[32m[2016-02-21 16:20:09.714] [INFO] Sensor - [39m[event] release touch 0
[32m[2016-02-21 16:20:09.745] [INFO] Sensor - [39m[event] press button 1
[32m[2016-02-21 16:20:09.746] [INFO] Sensor - [39m[event] press touch 1
[32m[2016-02-21 16:20:09.813] [INFO] Sensor - [39m[event] release button 0
[32m[2016-02-21 16:20:09.814] [INFO] Sensor - [39m[event] release touch 0
[32m[2016-02-21 16:20:09.825] [INFO] Sensor - [39m[event] press button 1
[32m[2016-02-21 16:20:09.826] [INFO] Sensor - [39m[event] press touch 1
[32m[2016-02-21 16:20:09.839] [INFO] Sensor - [39m[event] release button 0
[32m[2016-02-21 16:20:09.840] [INFO] Sensor - [39m[event] release touch 0
[32m[2016-02-21 16:20:09.868] [INFO] Sensor - [39m[event] press button 1
[32m[2016-02-21 16:20:09.870] [INFO] Sensor - [39m[event] press touch 1
[32m[2016-02-21 16:20:09.889] [INFO] Sensor - [39m[event] release touch 0
[32m[2016-02-21 16:20:09.909] [INFO] Sensor - [39m[event] press touch 1
[32m[2016-02-21 16:20:10.043] [INFO] Sensor - [39m[event] release button 0
[32m[2016-02-21 16:20:10.090] [INFO] Sensor - [39m[event] release touch 0
[32m[2016-02-21 16:20:15.880] [INFO] Sensor - [39m[event] press touch 1
[32m[2016-02-21 16:20:15.911] [INFO] Sensor - [39m[event] release touch 0
[32m[2016-02-21 16:20:15.939] [INFO] Sensor - [39m[event] press touch 1
[32m[2016-02-21 16:20:15.955] [INFO] Sensor - [39m[event] release touch 0
[32m[2016-02-21 16:20:15.968] [INFO] Sensor - [39m[event] press touch 1
[32m[2016-02-21 16:20:16.012] [INFO] Sensor - [39m[event] release touch 0
[32m[2016-02-21 16:20:16.025] [INFO] Sensor - [39m[event] press touch 1
[32m[2016-02-21 16:20:16.080] [INFO] Sensor - [39m[event] release touch 0
[32m[2016-02-21 16:20:16.093] [INFO] Sensor - [39m[event] press touch 1
[32m[2016-02-21 16:20:16.118] [INFO] Sensor - [39m[event] release touch 0
[32m[2016-02-21 16:20:16.161] [INFO] Sensor - [39m[event] press touch 1
[32m[2016-02-21 16:20:16.185] [INFO] Sensor - [39m[event] release touch 0
1456069779128 Device(s) Intel Edison  
1456069779239 Connected Intel Edison  
[32m[2016-02-21 15:49:39.428] [INFO] Main - [39mlistening port=50800
1456073100985 Device(s) Intel Edison  
1456073101108 Connected Intel Edison  
[32m[2016-02-21 16:45:01.325] [INFO] Main - [39mlistening port=50800
1456073244797 Device(s) Intel Edison  
1456073244847 Connected Intel Edison  
[31m[2016-02-21 16:47:25.029] [ERROR] Sensor - [39m[EdisonSensors:uncaughtException] Error: listen EADDRINUSE
    at errnoException (net.js:905:11)
    at Server._listen2 (net.js:1043:14)
    at listen (net.js:1065:10)
    at Server.listen (net.js:1139:5)
    at Object.<anonymous> (/opt/tp/thingplus-driver/app.js:177:8)
    at Module._compile (module.js:456:26)
    at Object.Module._extensions..js (module.js:474:10)
    at Module.load (module.js:356:32)
    at Function.Module._load (module.js:312:12)
    at Function.Module.runMain (module.js:497:10)
[33m[2016-02-21 16:50:43.370] [WARN] Main - [39mNew client connection
[32m[2016-02-21 16:50:46.369] [INFO] Main - [39mdiscovering [{"deviceAddress":"0","sensors":[{"id":"0-soilMoisture","type":"humidity","name":"soilMoisture","notification":false},{"id":"0-light","type":"light","name":"light","notification":false},{"id":"0-rotary","type":"rotaryAngle","name":"rotary","notification":false},{"id":"0-temp","type":"temperature","name":"temperature","notification":false},{"id":"0-buzz","type":"powerSwitch","name":"buzzer","notification":false},{"id":"0-led","type":"powerSwitch","name":"led","notification":false},{"id":"0-relay","type":"powerSwitch","name":"relay","notification":false},{"id":"0-button","type":"onoff","name":"button","notification":true},{"id":"0-touch","type":"onoff","name":"touch","notification":true}]}]
[32m[2016-02-21 16:50:48.632] [INFO] Sensor - [39m[getData] temperature on 12.29
[32m[2016-02-21 16:50:48.743] [INFO] Sensor - [39m[getData] rotary on 222
[32m[2016-02-21 16:50:48.861] [INFO] Sensor - [39m[getData] light on 463
[32m[2016-02-21 16:51:01.345] [INFO] Sensor - [39m[getData] button on undefined
[32m[2016-02-21 16:51:01.351] [INFO] Sensor - [39m[getData] touch on undefined
[32m[2016-02-21 16:51:48.625] [INFO] Sensor - [39m[getData] temperature on 11.85
[32m[2016-02-21 16:51:48.744] [INFO] Sensor - [39m[getData] rotary on 219
[32m[2016-02-21 16:51:48.870] [INFO] Sensor - [39m[getData] light on 461
[32m[2016-02-21 16:52:01.361] [INFO] Sensor - [39m[getData] button on undefined
[32m[2016-02-21 16:52:01.362] [INFO] Sensor - [39m[getData] touch on undefined
[32m[2016-02-21 16:52:43.860] [INFO] Main - [39m[set actuator] id=0-led cmd=on options={"duration":100}
[32m[2016-02-21 16:52:48.661] [INFO] Sensor - [39m[getData] temperature on 11.85
[32m[2016-02-21 16:52:48.750] [INFO] Sensor - [39m[getData] rotary on 218
[32m[2016-02-21 16:52:48.862] [INFO] Sensor - [39m[getData] light on 366
[32m[2016-02-21 16:53:01.368] [INFO] Sensor - [39m[getData] button on undefined
[32m[2016-02-21 16:53:01.370] [INFO] Sensor - [39m[getData] touch on undefined
[32m[2016-02-21 16:53:03.832] [INFO] Main - [39m[set actuator] id=0-led cmd=on options={"duration":1000}
[32m[2016-02-21 16:53:08.433] [INFO] Main - [39m[set actuator] id=0-led cmd=on options={"duration":1000}
[32m[2016-02-21 16:53:48.641] [INFO] Sensor - [39m[getData] temperature on 12.12
[32m[2016-02-21 16:53:48.779] [INFO] Sensor - [39m[getData] rotary on 218
[32m[2016-02-21 16:53:48.863] [INFO] Sensor - [39m[getData] light on 188
[32m[2016-02-21 16:54:01.376] [INFO] Sensor - [39m[getData] button on undefined
[32m[2016-02-21 16:54:01.378] [INFO] Sensor - [39m[getData] touch on undefined
[32m[2016-02-21 16:54:48.655] [INFO] Sensor - [39m[getData] temperature on 12.20
[32m[2016-02-21 16:54:48.752] [INFO] Sensor - [39m[getData] rotary on 0
[32m[2016-02-21 16:54:48.864] [INFO] Sensor - [39m[getData] light on 461
[32m[2016-02-21 16:55:01.401] [INFO] Sensor - [39m[getData] button on undefined
[32m[2016-02-21 16:55:01.406] [INFO] Sensor - [39m[getData] touch on undefined
[32m[2016-02-21 16:55:48.656] [INFO] Sensor - [39m[getData] temperature on 11.85
[32m[2016-02-21 16:55:48.753] [INFO] Sensor - [39m[getData] rotary on 118
[32m[2016-02-21 16:55:48.866] [INFO] Sensor - [39m[getData] light on 464
[32m[2016-02-21 16:56:01.527] [INFO] Sensor - [39m[getData] button on undefined
[32m[2016-02-21 16:56:01.529] [INFO] Sensor - [39m[getData] touch on undefined
[32m[2016-02-21 16:56:48.676] [INFO] Sensor - [39m[getData] temperature on 12.20
[32m[2016-02-21 16:56:48.754] [INFO] Sensor - [39m[getData] rotary on 116
[32m[2016-02-21 16:56:48.869] [INFO] Sensor - [39m[getData] light on 458
[32m[2016-02-21 16:56:55.099] [INFO] Main - [39m[set actuator] id=0-led cmd=on options={"duration":10000}
[32m[2016-02-21 16:57:01.532] [INFO] Sensor - [39m[getData] button on undefined
[32m[2016-02-21 16:57:01.533] [INFO] Sensor - [39m[getData] touch on undefined
[32m[2016-02-21 16:57:09.428] [INFO] Main - [39m[set actuator] id=0-led cmd=off options={}
[32m[2016-02-21 16:57:48.677] [INFO] Sensor - [39m[getData] temperature on 12.03
[32m[2016-02-21 16:57:48.755] [INFO] Sensor - [39m[getData] rotary on 116
[32m[2016-02-21 16:57:48.869] [INFO] Sensor - [39m[getData] light on 458
[32m[2016-02-21 16:58:01.538] [INFO] Sensor - [39m[getData] button on undefined
[32m[2016-02-21 16:58:01.544] [INFO] Sensor - [39m[getData] touch on undefined
[32m[2016-02-21 16:58:48.689] [INFO] Sensor - [39m[getData] temperature on 12.03
[32m[2016-02-21 16:58:48.758] [INFO] Sensor - [39m[getData] rotary on 151
[32m[2016-02-21 16:58:48.873] [INFO] Sensor - [39m[getData] light on 454
[32m[2016-02-21 16:59:01.589] [INFO] Sensor - [39m[getData] button on undefined
[32m[2016-02-21 16:59:01.591] [INFO] Sensor - [39m[getData] touch on undefined
[32m[2016-02-21 16:59:05.622] [INFO] Sensor - [39m[event] press touch 1
[32m[2016-02-21 16:59:05.624] [INFO] Sensor - [39m[event] press touch 1
[32m[2016-02-21 16:59:32.862] [INFO] Sensor - [39m[event] release touch 0
[32m[2016-02-21 16:59:32.870] [INFO] Sensor - [39m[event] release touch 0
[32m[2016-02-21 16:59:48.691] [INFO] Sensor - [39m[getData] temperature on 12.38
[32m[2016-02-21 16:59:48.758] [INFO] Sensor - [39m[getData] rotary on 137
[32m[2016-02-21 16:59:48.875] [INFO] Sensor - [39m[getData] light on 458
[32m[2016-02-21 17:00:01.597] [INFO] Sensor - [39m[getData] button on undefined
[32m[2016-02-21 17:00:01.598] [INFO] Sensor - [39m[getData] touch on undefined
[32m[2016-02-21 17:00:48.705] [INFO] Sensor - [39m[getData] temperature on 12.03
[32m[2016-02-21 17:00:48.763] [INFO] Sensor - [39m[getData] rotary on 137
[32m[2016-02-21 17:00:48.882] [INFO] Sensor - [39m[getData] light on 466
[32m[2016-02-21 17:01:01.605] [INFO] Sensor - [39m[getData] button on undefined
[32m[2016-02-21 17:01:01.606] [INFO] Sensor - [39m[getData] touch on undefined
[32m[2016-02-21 17:01:28.691] [INFO] Main - [39m[set actuator] id=0-led cmd=on options={"duration":1000000}
[32m[2016-02-21 17:01:48.707] [INFO] Sensor - [39m[getData] temperature on 12.12
[32m[2016-02-21 17:01:48.781] [INFO] Sensor - [39m[getData] rotary on 135
[32m[2016-02-21 17:01:48.891] [INFO] Sensor - [39m[getData] light on 458
[32m[2016-02-21 17:02:01.611] [INFO] Sensor - [39m[getData] button on undefined
[32m[2016-02-21 17:02:01.625] [INFO] Sensor - [39m[getData] touch on undefined
[32m[2016-02-21 17:02:48.709] [INFO] Sensor - [39m[getData] temperature on 11.77
[32m[2016-02-21 17:02:48.768] [INFO] Sensor - [39m[getData] rotary on 135
[32m[2016-02-21 17:02:48.882] [INFO] Sensor - [39m[getData] light on 461
[32m[2016-02-21 17:03:01.642] [INFO] Sensor - [39m[getData] button on undefined
[32m[2016-02-21 17:03:01.645] [INFO] Sensor - [39m[getData] touch on undefined
[32m[2016-02-21 17:03:48.712] [INFO] Sensor - [39m[getData] temperature on 12.20
[32m[2016-02-21 17:03:48.767] [INFO] Sensor - [39m[getData] rotary on 136
[32m[2016-02-21 17:03:48.883] [INFO] Sensor - [39m[getData] light on 455
[32m[2016-02-21 17:04:01.655] [INFO] Sensor - [39m[getData] button on undefined
[32m[2016-02-21 17:04:01.656] [INFO] Sensor - [39m[getData] touch on undefined
[32m[2016-02-21 17:04:48.711] [INFO] Sensor - [39m[getData] temperature on 12.12
[32m[2016-02-21 17:04:48.780] [INFO] Sensor - [39m[getData] rotary on 135
[32m[2016-02-21 17:04:48.887] [INFO] Sensor - [39m[getData] light on 455
[32m[2016-02-21 17:05:01.661] [INFO] Sensor - [39m[getData] button on undefined
[32m[2016-02-21 17:05:01.663] [INFO] Sensor - [39m[getData] touch on undefined
[32m[2016-02-21 17:05:48.713] [INFO] Sensor - [39m[getData] temperature on 12.03
[32m[2016-02-21 17:05:48.785] [INFO] Sensor - [39m[getData] rotary on 136
[32m[2016-02-21 17:05:48.888] [INFO] Sensor - [39m[getData] light on 460.5
[32m[2016-02-21 17:06:01.769] [INFO] Sensor - [39m[getData] button on undefined
[32m[2016-02-21 17:06:01.771] [INFO] Sensor - [39m[getData] touch on undefined
[32m[2016-02-21 17:06:48.733] [INFO] Sensor - [39m[getData] temperature on 11.85
[32m[2016-02-21 17:06:48.786] [INFO] Sensor - [39m[getData] rotary on 135
[32m[2016-02-21 17:06:48.890] [INFO] Sensor - [39m[getData] light on 453.5
[32m[2016-02-21 17:07:01.777] [INFO] Sensor - [39m[getData] button on undefined
[32m[2016-02-21 17:07:01.779] [INFO] Sensor - [39m[getData] touch on undefined
[32m[2016-02-21 17:07:48.715] [INFO] Sensor - [39m[getData] temperature on 12.03
[32m[2016-02-21 17:07:48.789] [INFO] Sensor - [39m[getData] rotary on 135
[32m[2016-02-21 17:07:48.889] [INFO] Sensor - [39m[getData] light on 455.5
[32m[2016-02-21 17:08:01.785] [INFO] Sensor - [39m[getData] button on undefined
[32m[2016-02-21 17:08:01.786] [INFO] Sensor - [39m[getData] touch on undefined
[32m[2016-02-21 17:08:48.718] [INFO] Sensor - [39m[getData] temperature on 12.20
[32m[2016-02-21 17:08:48.789] [INFO] Sensor - [39m[getData] rotary on 135
[32m[2016-02-21 17:08:48.890] [INFO] Sensor - [39m[getData] light on 457
[32m[2016-02-21 17:09:01.791] [INFO] Sensor - [39m[getData] button on undefined
[32m[2016-02-21 17:09:01.792] [INFO] Sensor - [39m[getData] touch on undefined
[32m[2016-02-21 17:09:48.719] [INFO] Sensor - [39m[getData] temperature on 12.03
[32m[2016-02-21 17:09:48.790] [INFO] Sensor - [39m[getData] rotary on 136
[32m[2016-02-21 17:09:48.893] [INFO] Sensor - [39m[getData] light on 459
[32m[2016-02-21 17:10:01.797] [INFO] Sensor - [39m[getData] button on undefined
[32m[2016-02-21 17:10:01.798] [INFO] Sensor - [39m[getData] touch on undefined
[32m[2016-02-21 17:10:48.719] [INFO] Sensor - [39m[getData] temperature on 12.03
[32m[2016-02-21 17:10:48.792] [INFO] Sensor - [39m[getData] rotary on 136
[32m[2016-02-21 17:10:48.895] [INFO] Sensor - [39m[getData] light on 458
[32m[2016-02-21 17:11:01.803] [INFO] Sensor - [39m[getData] button on undefined
[32m[2016-02-21 17:11:01.807] [INFO] Sensor - [39m[getData] touch on undefined
[32m[2016-02-21 17:11:48.720] [INFO] Sensor - [39m[getData] temperature on 11.94
[32m[2016-02-21 17:11:48.795] [INFO] Sensor - [39m[getData] rotary on 136
[32m[2016-02-21 17:11:48.897] [INFO] Sensor - [39m[getData] light on 458.5
[32m[2016-02-21 17:12:01.815] [INFO] Sensor - [39m[getData] button on undefined
[32m[2016-02-21 17:12:01.817] [INFO] Sensor - [39m[getData] touch on undefined
[32m[2016-02-21 17:12:48.723] [INFO] Sensor - [39m[getData] temperature on 11.94
[32m[2016-02-21 17:12:48.795] [INFO] Sensor - [39m[getData] rotary on 135
[32m[2016-02-21 17:12:48.896] [INFO] Sensor - [39m[getData] light on 452
[32m[2016-02-21 17:13:01.828] [INFO] Sensor - [39m[getData] button on undefined
[32m[2016-02-21 17:13:01.830] [INFO] Sensor - [39m[getData] touch on undefined
[32m[2016-02-21 17:13:48.733] [INFO] Sensor - [39m[getData] temperature on 11.85
[32m[2016-02-21 17:13:48.798] [INFO] Sensor - [39m[getData] rotary on 135
[32m[2016-02-21 17:13:48.897] [INFO] Sensor - [39m[getData] light on 454
[32m[2016-02-21 17:14:01.835] [INFO] Sensor - [39m[getData] button on undefined
[32m[2016-02-21 17:14:01.847] [INFO] Sensor - [39m[getData] touch on undefined
[32m[2016-02-21 17:14:48.734] [INFO] Sensor - [39m[getData] temperature on 12.12
[32m[2016-02-21 17:14:48.797] [INFO] Sensor - [39m[getData] rotary on 135
[32m[2016-02-21 17:14:48.899] [INFO] Sensor - [39m[getData] light on 455.5
[32m[2016-02-21 17:15:01.872] [INFO] Sensor - [39m[getData] button on undefined
[32m[2016-02-21 17:15:01.873] [INFO] Sensor - [39m[getData] touch on undefined
[32m[2016-02-21 17:15:48.745] [INFO] Sensor - [39m[getData] temperature on 12.20
[32m[2016-02-21 17:15:48.799] [INFO] Sensor - [39m[getData] rotary on 134
[32m[2016-02-21 17:15:48.899] [INFO] Sensor - [39m[getData] light on 461
[32m[2016-02-21 17:16:01.881] [INFO] Sensor - [39m[getData] button on undefined
[32m[2016-02-21 17:16:01.883] [INFO] Sensor - [39m[getData] touch on undefined
[32m[2016-02-21 17:16:48.747] [INFO] Sensor - [39m[getData] temperature on 12.03
[32m[2016-02-21 17:16:48.801] [INFO] Sensor - [39m[getData] rotary on 135
[32m[2016-02-21 17:16:48.904] [INFO] Sensor - [39m[getData] light on 459.5
[32m[2016-02-21 17:17:01.886] [INFO] Sensor - [39m[getData] button on undefined
[32m[2016-02-21 17:17:01.887] [INFO] Sensor - [39m[getData] touch on undefined
[32m[2016-02-21 17:17:48.760] [INFO] Sensor - [39m[getData] temperature on 12.12
[32m[2016-02-21 17:17:48.803] [INFO] Sensor - [39m[getData] rotary on 135
[32m[2016-02-21 17:17:48.902] [INFO] Sensor - [39m[getData] light on 458.5
[32m[2016-02-21 17:18:01.892] [INFO] Sensor - [39m[getData] button on undefined
[32m[2016-02-21 17:18:01.894] [INFO] Sensor - [39m[getData] touch on undefined
[32m[2016-02-21 17:18:48.759] [INFO] Sensor - [39m[getData] temperature on 11.94
[32m[2016-02-21 17:18:48.804] [INFO] Sensor - [39m[getData] rotary on 135
[32m[2016-02-21 17:18:48.902] [INFO] Sensor - [39m[getData] light on 455.5
[32m[2016-02-21 17:19:01.910] [INFO] Sensor - [39m[getData] button on undefined
[32m[2016-02-21 17:19:01.916] [INFO] Sensor - [39m[getData] touch on undefined
